<?xml version="1.0" encoding="UTF-8"?>
<!-- Generated by org.testng.reporters.JUnitXMLReporter -->
<testsuite ignored="0" hostname="LAPTOP-MAHD0O8R" failures="1" tests="1" name="End to End Full test" time="89.539" errors="0" timestamp="2026-02-08T13:16:09 SAST">
  <testcase classname="QA.QA_Automation.tests.testEndtoEnd" name="EndtoEnd" time="89.257">
    <failure type="java.lang.NullPointerException" message="Cannot invoke &amp;quot;QA.QA_Automation.pages.LoginPage.logout()&amp;quot; because &amp;quot;init.login&amp;quot; is null">
      <![CDATA[java.lang.NullPointerException: Cannot invoke "QA.QA_Automation.pages.LoginPage.logout()" because "init.login" is null
at QA.QA_Automation.tests.testEndtoEnd.EndtoEnd(testEndtoEnd.java:51)
at java.base/java.util.ArrayList.forEach(ArrayList.java:1511)
... Removed 27 stack frames]]>
    </failure>
  </testcase> <!-- EndtoEnd -->
</testsuite> <!-- End to End Full test -->
