<?xml version="1.0" encoding="UTF-8"?>
<!-- Generated by org.testng.reporters.JUnitXMLReporter -->
<testsuite ignored="0" hostname="LAPTOP-MAHD0O8R" failures="0" tests="1" name="invalid login" time="24.641" errors="0" timestamp="2026-02-08T13:09:28 SAST">
  <testcase classname="QA.QA_Automation.tests.initialisation" name="@AfterMethod tearDown" time="0.008">
    <failure type="java.lang.NullPointerException" message="Cannot invoke &amp;quot;org.openqa.selenium.WebDriver.close()&amp;quot; because &amp;quot;this.driver&amp;quot; is null">
      <![CDATA[java.lang.NullPointerException: Cannot invoke "org.openqa.selenium.WebDriver.close()" because "this.driver" is null
at QA.QA_Automation.tests.initialisation.tearDown(initialisation.java:157)
at java.base/java.util.ArrayList.forEach(ArrayList.java:1511)
... Removed 32 stack frames]]>
    </failure>
  </testcase> <!-- @AfterMethod tearDown -->
  <testcase classname="QA.QA_Automation.tests.testInvalidLogin" name="invalidLogin" time="24.283"/>
</testsuite> <!-- invalid login -->
