<!DOCTYPE html PUBLIC "-//W3C//DTD XHTML 1.1//EN" "https://www.w3.org/TR/xhtml11/DTD/xhtml11.dtd">
<html xmlns="https://www.w3.org/1999/xhtml">
<head>
<meta http-equiv="content-type" content="text/html; charset=UTF-8"/>
<title>TestNG Report</title>
<style type="text/css">table {margin-bottom:10px;border-collapse:collapse;empty-cells:show}th,td {border:1px solid #009;padding:.25em .5em}th {vertical-align:bottom}td {vertical-align:top}table a {font-weight:bold}.stripe td {background-color: #E6EBF9}.num {text-align:right}.passedodd td {background-color: #3F3}.passedeven td {background-color: #0A0}.skippedodd td {background-color: #DDD}.skippedeven td {background-color: #CCC}.failedodd td,.attn {background-color: #F33}.failedeven td,.stripe .attn {background-color: #D00}.stacktrace {white-space:pre;font-family:monospace}.totop {font-size:85%;text-align:center;border-bottom:2px solid #000}.invisible {display:none}</style>
</head>
<body>
<table>
<tr><th>Test</th><th># Passed</th><th># Skipped</th><th># Retried</th><th># Failed</th><th>Time (ms)</th><th>Included Groups</th><th>Excluded Groups</th></tr>
<tr><th colspan="8"> Sequintial test Suite (series)</th></tr>
<tr><td><a href="#t0">invalid login</a></td><td class="num">1</td><td class="num">0</td><td class="num">0</td><td class="num">0</td><td class="num">24 641</td><td></td><td></td></tr>
<tr class="stripe"><td><a href="#t1">Registration</a></td><td class="num">1</td><td class="num">0</td><td class="num">0</td><td class="num">0</td><td class="num">39 224</td><td></td><td></td></tr>
<tr><td><a href="#t2">Empty cart</a></td><td class="num">1</td><td class="num">0</td><td class="num">0</td><td class="num">0</td><td class="num">22 334</td><td></td><td></td></tr>
<tr class="stripe"><td><a href="#t3">Login_ buy product from detailed view_page</a></td><td class="num">1</td><td class="num">0</td><td class="num">0</td><td class="num">0</td><td class="num">59 254</td><td></td><td></td></tr>
<tr><td><a href="#t4">Filter by Category, by brand and search product</a></td><td class="num">0</td><td class="num">0</td><td class="num">0</td><td class="num attn">1</td><td class="num">54 985</td><td></td><td></td></tr>
<tr class="stripe"><td><a href="#t5">Remove item from cart</a></td><td class="num">1</td><td class="num">0</td><td class="num">0</td><td class="num">0</td><td class="num">58 741</td><td></td><td></td></tr>
<tr><td><a href="#t6">Contact us and view test cases</a></td><td class="num">1</td><td class="num">0</td><td class="num">0</td><td class="num">0</td><td class="num">39 283</td><td></td><td></td></tr>
<tr class="stripe"><td><a href="#t7">Subscription</a></td><td class="num">1</td><td class="num">0</td><td class="num">0</td><td class="num">0</td><td class="num">36 032</td><td></td><td></td></tr>
<tr><td><a href="#t8">End to End Full test</a></td><td class="num">0</td><td class="num">0</td><td class="num">0</td><td class="num attn">1</td><td class="num">89 539</td><td></td><td></td></tr>
<tr class="stripe"><td><a href="#t9">Delete account</a></td><td class="num">1</td><td class="num">0</td><td class="num">0</td><td class="num">0</td><td class="num">36 864</td><td></td><td></td></tr>
<tr><th>Total</th><th class="num">8</th><th class="num">0</th><th class="num">0</th><th class="num attn">2</th><th class="num">460 897</th><th colspan="2"></th></tr>
</table>
<table id='summary'><thead><tr><th>Class</th><th>Method</th><th>Start</th><th>Time (ms)</th></tr></thead><tbody><tr><th colspan="4"> Sequintial test Suite (series)</th></tr></tbody><tbody id="t0"><tr><th colspan="4">invalid login &#8212; failed (configuration methods)</th></tr><tr class="failedeven"><td rowspan="1">QA.QA_Automation.tests.testInvalidLogin</td><td><a href="#m0">tearDown</a></td><td rowspan="1">1770548968721</td><td rowspan="1">8</td></tr><tr><th colspan="4">invalid login &#8212; passed</th></tr><tr class="passedeven"><td rowspan="1">QA.QA_Automation.tests.testInvalidLogin</td><td><a href="#m1">invalidLogin</a></td><td rowspan="1">1770548944410</td><td rowspan="1">24283</td></tr></tbody>
<tbody id="t1"><tr><th colspan="4">Registration &#8212; passed</th></tr><tr class="passedeven"><td rowspan="1">QA.QA_Automation.tests.testRegistration</td><td><a href="#m2">registration</a></td><td rowspan="1">1770548969098</td><td rowspan="1">39179</td></tr></tbody>
<tbody id="t2"><tr><th colspan="4">Empty cart &#8212; failed (configuration methods)</th></tr><tr class="failedeven"><td rowspan="1">QA.QA_Automation.tests.testEmptyCart</td><td><a href="#m3">tearDown</a></td><td rowspan="1">1770549030649</td><td rowspan="1">1</td></tr><tr><th colspan="4">Empty cart &#8212; passed</th></tr><tr class="passedeven"><td rowspan="1">QA.QA_Automation.tests.testEmptyCart</td><td><a href="#m4">emptyCart</a></td><td rowspan="1">1770549008357</td><td rowspan="1">22285</td></tr></tbody>
<tbody id="t3"><tr><th colspan="4">Login_ buy product from detailed view_page &#8212; failed (configuration methods)</th></tr><tr class="failedeven"><td rowspan="1">QA.QA_Automation.tests.testDetailedViewPage</td><td><a href="#m5">tearDown</a></td><td rowspan="1">1770549089965</td><td rowspan="1">12</td></tr><tr><th colspan="4">Login_ buy product from detailed view_page &#8212; passed</th></tr><tr class="passedeven"><td rowspan="1">QA.QA_Automation.tests.testDetailedViewPage</td><td><a href="#m6">detailedPage</a></td><td rowspan="1">1770549030755</td><td rowspan="1">59197</td></tr></tbody>
<tbody id="t4"><tr><th colspan="4">Filter by Category, by brand and search product &#8212; failed (configuration methods)</th></tr><tr class="failedeven"><td rowspan="1">QA.QA_Automation.tests.testFiltersAndSearchProduct</td><td><a href="#m7">tearDown</a></td><td rowspan="1">1770549145016</td><td rowspan="1">1</td></tr><tr><th colspan="4">Filter by Category, by brand and search product &#8212; failed</th></tr><tr class="failedeven"><td rowspan="1">QA.QA_Automation.tests.testFiltersAndSearchProduct</td><td><a href="#m8">testSearchFilters</a></td><td rowspan="1">1770549090045</td><td rowspan="1">54921</td></tr></tbody>
<tbody id="t5"><tr><th colspan="4">Remove item from cart &#8212; passed</th></tr><tr class="passedeven"><td rowspan="1">QA.QA_Automation.tests.testRemoveItemFromCart</td><td><a href="#m9">removeItem</a></td><td rowspan="1">1770549145308</td><td rowspan="1">58726</td></tr></tbody>
<tbody id="t6"><tr><th colspan="4">Contact us and view test cases &#8212; failed (configuration methods)</th></tr><tr class="failedeven"><td rowspan="1">QA.QA_Automation.tests.testContactUSandTestCasesPage</td><td><a href="#m10">tearDown</a></td><td rowspan="1">1770549243363</td><td rowspan="1">2</td></tr><tr><th colspan="4">Contact us and view test cases &#8212; passed</th></tr><tr class="passedeven"><td rowspan="1">QA.QA_Automation.tests.testContactUSandTestCasesPage</td><td><a href="#m11">contactUS</a></td><td rowspan="1">1770549204098</td><td rowspan="1">39263</td></tr></tbody>
<tbody id="t7"><tr><th colspan="4">Subscription &#8212; failed (configuration methods)</th></tr><tr class="failedeven"><td rowspan="1">QA.QA_Automation.tests.testSubscriptionPage</td><td><a href="#m12">tearDown</a></td><td rowspan="1">1770549279460</td><td rowspan="1">2</td></tr><tr><th colspan="4">Subscription &#8212; passed</th></tr><tr class="passedeven"><td rowspan="1">QA.QA_Automation.tests.testSubscriptionPage</td><td><a href="#m13">subscription</a></td><td rowspan="1">1770549243443</td><td rowspan="1">36015</td></tr></tbody>
<tbody id="t8"><tr><th colspan="4">End to End Full test &#8212; failed (configuration methods)</th></tr><tr class="failedeven"><td rowspan="1">QA.QA_Automation.tests.testEndtoEnd</td><td><a href="#m14">tearDown</a></td><td rowspan="1">1770549368773</td><td rowspan="1">2</td></tr><tr><th colspan="4">End to End Full test &#8212; failed</th></tr><tr class="failedeven"><td rowspan="1">QA.QA_Automation.tests.testEndtoEnd</td><td><a href="#m15">EndtoEnd</a></td><td rowspan="1">1770549279499</td><td rowspan="1">89257</td></tr></tbody>
<tbody id="t9"><tr><th colspan="4">Delete account &#8212; passed</th></tr><tr class="passedeven"><td rowspan="1">QA.QA_Automation.tests.testDeleteAccount</td><td><a href="#m16">deleteAcc</a></td><td rowspan="1">1770549369089</td><td rowspan="1">36848</td></tr></tbody>
</table>
<h2>invalid login</h2><h3 id="m0">QA.QA_Automation.tests.testInvalidLogin#tearDown</h3><table class="result"><tr><th>Exception</th></tr><tr><td><div class="stacktrace">java.lang.NullPointerException: Cannot invoke &quot;org.openqa.selenium.WebDriver.close()&quot; because &quot;this.driver&quot; is null
	at QA.QA_Automation.tests.initialisation.tearDown(initialisation.java:157)
	at java.base/java.util.ArrayList.forEach(ArrayList.java:1511)
... Removed 32 stack frames</div></td></tr></table><p class="totop"><a href="#summary">back to summary</a></p>
<h3 id="m1">QA.QA_Automation.tests.testInvalidLogin#invalidLogin</h3><table class="result"><tr><th class="invisible"/></tr></table><p class="totop"><a href="#summary">back to summary</a></p>
<h2>Registration</h2><h3 id="m2">QA.QA_Automation.tests.testRegistration#registration</h3><table class="result"><tr><th class="invisible"/></tr></table><p class="totop"><a href="#summary">back to summary</a></p>
<h2>Empty cart</h2><h3 id="m3">QA.QA_Automation.tests.testEmptyCart#tearDown</h3><table class="result"><tr><th>Exception</th></tr><tr><td><div class="stacktrace">java.lang.NullPointerException: Cannot invoke &quot;org.openqa.selenium.WebDriver.close()&quot; because &quot;this.driver&quot; is null
	at QA.QA_Automation.tests.initialisation.tearDown(initialisation.java:157)
	at java.base/java.util.ArrayList.forEach(ArrayList.java:1511)
... Removed 32 stack frames</div></td></tr></table><p class="totop"><a href="#summary">back to summary</a></p>
<h3 id="m4">QA.QA_Automation.tests.testEmptyCart#emptyCart</h3><table class="result"><tr><th class="invisible"/></tr></table><p class="totop"><a href="#summary">back to summary</a></p>
<h2>Login_ buy product from detailed view_page</h2><h3 id="m5">QA.QA_Automation.tests.testDetailedViewPage#tearDown</h3><table class="result"><tr><th>Exception</th></tr><tr><td><div class="stacktrace">java.lang.NullPointerException: Cannot invoke &quot;org.openqa.selenium.WebDriver.close()&quot; because &quot;this.driver&quot; is null
	at QA.QA_Automation.tests.initialisation.tearDown(initialisation.java:157)
	at java.base/java.util.ArrayList.forEach(ArrayList.java:1511)
... Removed 32 stack frames</div></td></tr></table><p class="totop"><a href="#summary">back to summary</a></p>
<h3 id="m6">QA.QA_Automation.tests.testDetailedViewPage#detailedPage</h3><table class="result"><tr><th class="invisible"/></tr></table><p class="totop"><a href="#summary">back to summary</a></p>
<h2>Filter by Category, by brand and search product</h2><h3 id="m7">QA.QA_Automation.tests.testFiltersAndSearchProduct#tearDown</h3><table class="result"><tr><th>Exception</th></tr><tr><td><div class="stacktrace">java.lang.NullPointerException: Cannot invoke &quot;org.openqa.selenium.WebDriver.close()&quot; because &quot;this.driver&quot; is null
	at QA.QA_Automation.tests.initialisation.tearDown(initialisation.java:157)
	at java.base/java.util.ArrayList.forEach(ArrayList.java:1511)
... Removed 32 stack frames</div></td></tr></table><p class="totop"><a href="#summary">back to summary</a></p>
<h3 id="m8">QA.QA_Automation.tests.testFiltersAndSearchProduct#testSearchFilters</h3><table class="result"><tr><th>Exception</th></tr><tr><td><div class="stacktrace">org.openqa.selenium.ElementClickInterceptedException: element click intercepted: Element &lt;a data-product-id=&quot;7&quot; class=&quot;btn btn-default add-to-cart&quot;&gt;...&lt;/a&gt; is not clickable at point (541, 433). Other element would receive the click: &lt;p&gt;...&lt;/p&gt;
  (Session info: chrome=144.0.7559.133)
Build info: version: &apos;4.39.0&apos;, revision: &apos;126f156aee&apos;
System info: os.name: &apos;Windows 10&apos;, os.arch: &apos;amd64&apos;, os.version: &apos;10.0&apos;, java.version: &apos;17.0.2&apos;
Driver info: org.openqa.selenium.chrome.ChromeDriver
Command: [509b001578e2aa3c8ee00de4920748e7, clickElement {id=f.B54E4F080880CAF571B00E3044B43489.d.50B09ED80B1301F2499278C37BEF3F63.e.254}]
Capabilities {acceptInsecureCerts: false, browserName: chrome, browserVersion: 144.0.7559.133, chrome: {chromedriverVersion: 144.0.7559.133 (7da823b1d59..., userDataDir: C:\Users\LUNGEL~1\AppData\L...}, fedcm:accounts: true, goog:chromeOptions: {debuggerAddress: localhost:56548}, goog:processID: 9240, networkConnectionEnabled: false, pageLoadStrategy: normal, platformName: windows, proxy: Proxy(), se:cdp: ws://localhost:56548/devtoo..., se:cdpVersion: 144.0.7559.133, setWindowRect: true, strictFileInteractability: false, timeouts: {implicit: 0, pageLoad: 300000, script: 30000}, unhandledPromptBehavior: dismiss and notify, webauthn:extension:credBlob: true, webauthn:extension:largeBlob: true, webauthn:extension:minPinLength: true, webauthn:extension:prf: true, webauthn:virtualAuthenticators: true}
Element: [[[[ChromeDriver: chrome on windows (509b001578e2aa3c8ee00de4920748e7)] -&gt; css selector: .features_items .col-sm-4]] -&gt; css selector: .overlay-content a]
Session ID: 509b001578e2aa3c8ee00de4920748e7
	at org.openqa.selenium.remote.ErrorCodec.decode(ErrorCodec.java:167)
	at org.openqa.selenium.remote.codec.w3c.W3CHttpResponseCodec.decode(W3CHttpResponseCodec.java:142)
	at org.openqa.selenium.remote.codec.w3c.W3CHttpResponseCodec.decode(W3CHttpResponseCodec.java:49)
	at org.openqa.selenium.remote.HttpCommandExecutor.execute(HttpCommandExecutor.java:215)
	at org.openqa.selenium.remote.service.DriverCommandExecutor.invokeExecute(DriverCommandExecutor.java:216)
	at org.openqa.selenium.remote.service.DriverCommandExecutor.execute(DriverCommandExecutor.java:174)
	at org.openqa.selenium.remote.RemoteWebDriver.execute(RemoteWebDriver.java:561)
	at org.openqa.selenium.remote.RemoteWebElement.execute(RemoteWebElement.java:223)
	at org.openqa.selenium.remote.RemoteWebElement.click(RemoteWebElement.java:76)
	at QA.QA_Automation.pages.ProductsPage.addProductsByName(ProductsPage.java:130)
	at QA.QA_Automation.pages.FiltersAndsearchProduct.filterByBrand(FiltersAndsearchProduct.java:131)
	at QA.QA_Automation.tests.testFiltersAndSearchProduct.testSearchFilters(testFiltersAndSearchProduct.java:21)
	at java.base/java.util.ArrayList.forEach(ArrayList.java:1511)
... Removed 32 stack frames</div></td></tr></table><p class="totop"><a href="#summary">back to summary</a></p>
<h2>Remove item from cart</h2><h3 id="m9">QA.QA_Automation.tests.testRemoveItemFromCart#removeItem</h3><table class="result"><tr><th class="invisible"/></tr></table><p class="totop"><a href="#summary">back to summary</a></p>
<h2>Contact us and view test cases</h2><h3 id="m10">QA.QA_Automation.tests.testContactUSandTestCasesPage#tearDown</h3><table class="result"><tr><th>Exception</th></tr><tr><td><div class="stacktrace">java.lang.NullPointerException: Cannot invoke &quot;org.openqa.selenium.WebDriver.close()&quot; because &quot;this.driver&quot; is null
	at QA.QA_Automation.tests.initialisation.tearDown(initialisation.java:157)
	at java.base/java.util.ArrayList.forEach(ArrayList.java:1511)
... Removed 32 stack frames</div></td></tr></table><p class="totop"><a href="#summary">back to summary</a></p>
<h3 id="m11">QA.QA_Automation.tests.testContactUSandTestCasesPage#contactUS</h3><table class="result"><tr><th class="invisible"/></tr></table><p class="totop"><a href="#summary">back to summary</a></p>
<h2>Subscription</h2><h3 id="m12">QA.QA_Automation.tests.testSubscriptionPage#tearDown</h3><table class="result"><tr><th>Exception</th></tr><tr><td><div class="stacktrace">java.lang.NullPointerException: Cannot invoke &quot;org.openqa.selenium.WebDriver.close()&quot; because &quot;this.driver&quot; is null
	at QA.QA_Automation.tests.initialisation.tearDown(initialisation.java:157)
	at java.base/java.util.ArrayList.forEach(ArrayList.java:1511)
... Removed 32 stack frames</div></td></tr></table><p class="totop"><a href="#summary">back to summary</a></p>
<h3 id="m13">QA.QA_Automation.tests.testSubscriptionPage#subscription</h3><table class="result"><tr><th class="invisible"/></tr></table><p class="totop"><a href="#summary">back to summary</a></p>
<h2>End to End Full test</h2><h3 id="m14">QA.QA_Automation.tests.testEndtoEnd#tearDown</h3><table class="result"><tr><th>Exception</th></tr><tr><td><div class="stacktrace">java.lang.NullPointerException: Cannot invoke &quot;org.openqa.selenium.WebDriver.close()&quot; because &quot;this.driver&quot; is null
	at QA.QA_Automation.tests.initialisation.tearDown(initialisation.java:157)
	at java.base/java.util.ArrayList.forEach(ArrayList.java:1511)
... Removed 32 stack frames</div></td></tr></table><p class="totop"><a href="#summary">back to summary</a></p>
<h3 id="m15">QA.QA_Automation.tests.testEndtoEnd#EndtoEnd</h3><table class="result"><tr><th>Exception</th></tr><tr><td><div class="stacktrace">java.lang.NullPointerException: Cannot invoke &quot;QA.QA_Automation.pages.LoginPage.logout()&quot; because &quot;init.login&quot; is null
	at QA.QA_Automation.tests.testEndtoEnd.EndtoEnd(testEndtoEnd.java:51)
	at java.base/java.util.ArrayList.forEach(ArrayList.java:1511)
... Removed 27 stack frames</div></td></tr></table><p class="totop"><a href="#summary">back to summary</a></p>
<h2>Delete account</h2><h3 id="m16">QA.QA_Automation.tests.testDeleteAccount#deleteAcc</h3><table class="result"><tr><th class="invisible"/></tr></table><p class="totop"><a href="#summary">back to summary</a></p>
</body>
</html>
