<!DOCTYPE html>

<html>
  <head>
  <meta charset='utf-8'>
  <title>TestNG reports</title>

    <link type="text/css" href="testng-reports1.css" rel="stylesheet" id="ultra" />
    <link type="text/css" href="testng-reports.css" rel="stylesheet" id="retro" disabled="false"/>
    <script type="text/javascript" src="jquery-3.6.0.min.js"></script>
    <script type="text/javascript" src="testng-reports.js"></script>
    <script type="text/javascript" src="https://www.google.com/jsapi"></script>
    <script type='text/javascript'>
      google.load('visualization', '1', {packages:['table']});
      google.setOnLoadCallback(drawTable);
      var suiteTableInitFunctions = new Array();
      var suiteTableData = new Array();
    </script>
    <!--
      <script type="text/javascript" src="jquery-ui/js/jquery-ui-1.8.16.custom.min.js"></script>
     -->
  </head>

  <body>    <div class="top-banner-root">
      <span class="top-banner-title-font">Test results</span>
      <button id="button" class="button">Switch Retro Theme</button> <!-- button -->
      <br/>
      <span class="top-banner-font-1">1 suite, 2 failed tests</span>
    </div> <!-- top-banner-root -->
    <div class="navigator-root">
      <div class="navigator-suite-header">
        <span>All suites</span>
        <a href="#" title="Collapse/expand all the suites" class="collapse-all-link">
          <img src="collapseall.gif" class="collapse-all-icon">
          </img> <!-- collapse-all-icon -->
        </a> <!-- collapse-all-link -->
      </div> <!-- navigator-suite-header -->
      <div class="suite">
        <div class="rounded-window">
          <div class="suite-header light-rounded-window-top">
            <a href="#" panel-name="suite-_Sequintial_test_Suite__series_" class="navigator-link">
              <span class="suite-name border-failed"> Sequintial test Suite (series)</span>
            </a> <!-- navigator-link -->
          </div> <!-- suite-header light-rounded-window-top -->
          <div class="navigator-suite-content">
            <div class="suite-section-title">
              <span>Info</span>
            </div> <!-- suite-section-title -->
            <div class="suite-section-content">
              <ul>
                <li>
                  <a href="#" panel-name="test-xml-_Sequintial_test_Suite__series_" class="navigator-link ">
                    <span>C:\Users\Lungelo Buthelezi\Desktop\Selenium_Udemy_\QA Automation\QA_Automation\testng.xml</span>
                  </a> <!-- navigator-link  -->
                </li>
                <li>
                  <a href="#" panel-name="testlist-_Sequintial_test_Suite__series_" class="navigator-link ">
                    <span class="test-stats">10 tests</span>
                  </a> <!-- navigator-link  -->
                </li>
                <li>
                  <a href="#" panel-name="group-_Sequintial_test_Suite__series_" class="navigator-link ">
                    <span>0 groups</span>
                  </a> <!-- navigator-link  -->
                </li>
                <li>
                  <a href="#" panel-name="times-_Sequintial_test_Suite__series_" class="navigator-link ">
                    <span>Times</span>
                  </a> <!-- navigator-link  -->
                </li>
                <li>
                  <a href="#" panel-name="reporter-_Sequintial_test_Suite__series_" class="navigator-link ">
                    <span>Reporter output</span>
                  </a> <!-- navigator-link  -->
                </li>
                <li>
                  <a href="#" panel-name="ignored-methods-_Sequintial_test_Suite__series_" class="navigator-link ">
                    <span>Ignored methods</span>
                  </a> <!-- navigator-link  -->
                </li>
                <li>
                  <a href="#" panel-name="chronological-_Sequintial_test_Suite__series_" class="navigator-link ">
                    <span>Chronological view</span>
                  </a> <!-- navigator-link  -->
                </li>
              </ul>
            </div> <!-- suite-section-content -->
            <div class="result-section">
              <div class="suite-section-title">
                <span>Results</span>
              </div> <!-- suite-section-title -->
              <div class="suite-section-content">
                <ul>
                  <li>
                    <span class="method-stats">10 methods, 2 failed,   8 passed</span>
                  </li>
                  <li>
                    <span class="method-list-title failed">Failed methods</span>
                    <span class="show-or-hide-methods failed">
                      <a href="#" panel-name="suite-_Sequintial_test_Suite__series_" class="hide-methods failed suite-_Sequintial_test_Suite__series_"> (hide)</a> <!-- hide-methods failed suite-_Sequintial_test_Suite__series_ -->
                      <a href="#" panel-name="suite-_Sequintial_test_Suite__series_" class="show-methods failed suite-_Sequintial_test_Suite__series_"> (show)</a> <!-- show-methods failed suite-_Sequintial_test_Suite__series_ -->
                    </span>
                    <div class="method-list-content failed suite-_Sequintial_test_Suite__series_">
                      <span>
                        <img src="failed.png" width="3%"/>
                        <a href="#" panel-name="suite-_Sequintial_test_Suite__series_" title="QA.QA_Automation.tests.testEndtoEnd" class="method navigator-link" hash-for-method="EndtoEnd">EndtoEnd</a> <!-- method navigator-link -->
                      </span>
                      <br/>
                      <span>
                        <img src="failed.png" width="3%"/>
                        <a href="#" panel-name="suite-_Sequintial_test_Suite__series_" title="QA.QA_Automation.tests.testFiltersAndSearchProduct" class="method navigator-link" hash-for-method="testSearchFilters">testSearchFilters</a> <!-- method navigator-link -->
                      </span>
                      <br/>
                    </div> <!-- method-list-content failed suite-_Sequintial_test_Suite__series_ -->
                  </li>
                  <li>
                    <span class="method-list-title passed">Passed methods</span>
                    <span class="show-or-hide-methods passed">
                      <a href="#" panel-name="suite-_Sequintial_test_Suite__series_" class="hide-methods passed suite-_Sequintial_test_Suite__series_"> (hide)</a> <!-- hide-methods passed suite-_Sequintial_test_Suite__series_ -->
                      <a href="#" panel-name="suite-_Sequintial_test_Suite__series_" class="show-methods passed suite-_Sequintial_test_Suite__series_"> (show)</a> <!-- show-methods passed suite-_Sequintial_test_Suite__series_ -->
                    </span>
                    <div class="method-list-content passed suite-_Sequintial_test_Suite__series_">
                      <span>
                        <img src="passed.png" width="3%"/>
                        <a href="#" panel-name="suite-_Sequintial_test_Suite__series_" title="QA.QA_Automation.tests.testContactUSandTestCasesPage" class="method navigator-link" hash-for-method="contactUS">contactUS</a> <!-- method navigator-link -->
                      </span>
                      <br/>
                      <span>
                        <img src="passed.png" width="3%"/>
                        <a href="#" panel-name="suite-_Sequintial_test_Suite__series_" title="QA.QA_Automation.tests.testDeleteAccount" class="method navigator-link" hash-for-method="deleteAcc">deleteAcc</a> <!-- method navigator-link -->
                      </span>
                      <br/>
                      <span>
                        <img src="passed.png" width="3%"/>
                        <a href="#" panel-name="suite-_Sequintial_test_Suite__series_" title="QA.QA_Automation.tests.testDetailedViewPage" class="method navigator-link" hash-for-method="detailedPage">detailedPage</a> <!-- method navigator-link -->
                      </span>
                      <br/>
                      <span>
                        <img src="passed.png" width="3%"/>
                        <a href="#" panel-name="suite-_Sequintial_test_Suite__series_" title="QA.QA_Automation.tests.testEmptyCart" class="method navigator-link" hash-for-method="emptyCart">emptyCart</a> <!-- method navigator-link -->
                      </span>
                      <br/>
                      <span>
                        <img src="passed.png" width="3%"/>
                        <a href="#" panel-name="suite-_Sequintial_test_Suite__series_" title="QA.QA_Automation.tests.testInvalidLogin" class="method navigator-link" hash-for-method="invalidLogin">invalidLogin</a> <!-- method navigator-link -->
                      </span>
                      <br/>
                      <span>
                        <img src="passed.png" width="3%"/>
                        <a href="#" panel-name="suite-_Sequintial_test_Suite__series_" title="QA.QA_Automation.tests.testRegistration" class="method navigator-link" hash-for-method="registration">registration</a> <!-- method navigator-link -->
                      </span>
                      <br/>
                      <span>
                        <img src="passed.png" width="3%"/>
                        <a href="#" panel-name="suite-_Sequintial_test_Suite__series_" title="QA.QA_Automation.tests.testRemoveItemFromCart" class="method navigator-link" hash-for-method="removeItem">removeItem</a> <!-- method navigator-link -->
                      </span>
                      <br/>
                      <span>
                        <img src="passed.png" width="3%"/>
                        <a href="#" panel-name="suite-_Sequintial_test_Suite__series_" title="QA.QA_Automation.tests.testSubscriptionPage" class="method navigator-link" hash-for-method="subscription">subscription</a> <!-- method navigator-link -->
                      </span>
                      <br/>
                    </div> <!-- method-list-content passed suite-_Sequintial_test_Suite__series_ -->
                  </li>
                </ul>
              </div> <!-- suite-section-content -->
            </div> <!-- result-section -->
          </div> <!-- navigator-suite-content -->
        </div> <!-- rounded-window -->
      </div> <!-- suite -->
    </div> <!-- navigator-root -->
    <div class="wrapper">
      <div class="main-panel-root">
        <div panel-name="suite-_Sequintial_test_Suite__series_" class="panel _Sequintial_test_Suite__series_">
          <div class="suite-_Sequintial_test_Suite__series_-class-failed">
            <div class="main-panel-header rounded-window-top">
              <img src="failed.png"/>
              <span class="class-name">QA.QA_Automation.tests.testFiltersAndSearchProduct</span>
            </div> <!-- main-panel-header rounded-window-top -->
            <div class="main-panel-content rounded-window-bottom">
              <div class="method">
                <div class="method-content">
                  <a name="testSearchFilters">
                  </a> <!-- testSearchFilters -->
                  <span class="method-name">testSearchFilters</span>
                  <div class="stack-trace">org.openqa.selenium.ElementClickInterceptedException: element click intercepted: Element &lt;a data-product-id=&quot;7&quot; class=&quot;btn btn-default add-to-cart&quot;&gt;...&lt;/a&gt; is not clickable at point (541, 433). Other element would receive the click: &lt;p&gt;...&lt;/p&gt;
  (Session info: chrome=144.0.7559.133)
Build info: version: &apos;4.39.0&apos;, revision: &apos;126f156aee&apos;
System info: os.name: &apos;Windows 10&apos;, os.arch: &apos;amd64&apos;, os.version: &apos;10.0&apos;, java.version: &apos;17.0.2&apos;
Driver info: org.openqa.selenium.chrome.ChromeDriver
Command: [509b001578e2aa3c8ee00de4920748e7, clickElement {id=f.B54E4F080880CAF571B00E3044B43489.d.50B09ED80B1301F2499278C37BEF3F63.e.254}]
Capabilities {acceptInsecureCerts: false, browserName: chrome, browserVersion: 144.0.7559.133, chrome: {chromedriverVersion: 144.0.7559.133 (7da823b1d59..., userDataDir: C:\Users\LUNGEL~1\AppData\L...}, fedcm:accounts: true, goog:chromeOptions: {debuggerAddress: localhost:56548}, goog:processID: 9240, networkConnectionEnabled: false, pageLoadStrategy: normal, platformName: windows, proxy: Proxy(), se:cdp: ws://localhost:56548/devtoo..., se:cdpVersion: 144.0.7559.133, setWindowRect: true, strictFileInteractability: false, timeouts: {implicit: 0, pageLoad: 300000, script: 30000}, unhandledPromptBehavior: dismiss and notify, webauthn:extension:credBlob: true, webauthn:extension:largeBlob: true, webauthn:extension:minPinLength: true, webauthn:extension:prf: true, webauthn:virtualAuthenticators: true}
Element: [[[[ChromeDriver: chrome on windows (509b001578e2aa3c8ee00de4920748e7)] -&gt; css selector: .features_items .col-sm-4]] -&gt; css selector: .overlay-content a]
Session ID: 509b001578e2aa3c8ee00de4920748e7
	at org.openqa.selenium.remote.ErrorCodec.decode(ErrorCodec.java:167)
	at org.openqa.selenium.remote.codec.w3c.W3CHttpResponseCodec.decode(W3CHttpResponseCodec.java:142)
	at org.openqa.selenium.remote.codec.w3c.W3CHttpResponseCodec.decode(W3CHttpResponseCodec.java:49)
	at org.openqa.selenium.remote.HttpCommandExecutor.execute(HttpCommandExecutor.java:215)
	at org.openqa.selenium.remote.service.DriverCommandExecutor.invokeExecute(DriverCommandExecutor.java:216)
	at org.openqa.selenium.remote.service.DriverCommandExecutor.execute(DriverCommandExecutor.java:174)
	at org.openqa.selenium.remote.RemoteWebDriver.execute(RemoteWebDriver.java:561)
	at org.openqa.selenium.remote.RemoteWebElement.execute(RemoteWebElement.java:223)
	at org.openqa.selenium.remote.RemoteWebElement.click(RemoteWebElement.java:76)
	at QA.QA_Automation.pages.ProductsPage.addProductsByName(ProductsPage.java:130)
	at QA.QA_Automation.pages.FiltersAndsearchProduct.filterByBrand(FiltersAndsearchProduct.java:131)
	at QA.QA_Automation.tests.testFiltersAndSearchProduct.testSearchFilters(testFiltersAndSearchProduct.java:21)
	at java.base/java.util.ArrayList.forEach(ArrayList.java:1511)
... Removed 32 stack frames
</div> <!-- stack-trace -->
                </div> <!-- method-content -->
              </div> <!-- method -->
            </div> <!-- main-panel-content rounded-window-bottom -->
          </div> <!-- suite-_Sequintial_test_Suite__series_-class-failed -->
          <div class="suite-_Sequintial_test_Suite__series_-class-failed">
            <div class="main-panel-header rounded-window-top">
              <img src="failed.png"/>
              <span class="class-name">QA.QA_Automation.tests.testEndtoEnd</span>
            </div> <!-- main-panel-header rounded-window-top -->
            <div class="main-panel-content rounded-window-bottom">
              <div class="method">
                <div class="method-content">
                  <a name="EndtoEnd">
                  </a> <!-- EndtoEnd -->
                  <span class="method-name">EndtoEnd</span>
                  <div class="stack-trace">java.lang.NullPointerException: Cannot invoke &quot;QA.QA_Automation.pages.LoginPage.logout()&quot; because &quot;init.login&quot; is null
	at QA.QA_Automation.tests.testEndtoEnd.EndtoEnd(testEndtoEnd.java:51)
	at java.base/java.util.ArrayList.forEach(ArrayList.java:1511)
... Removed 27 stack frames
</div> <!-- stack-trace -->
                </div> <!-- method-content -->
              </div> <!-- method -->
            </div> <!-- main-panel-content rounded-window-bottom -->
          </div> <!-- suite-_Sequintial_test_Suite__series_-class-failed -->
          <div class="suite-_Sequintial_test_Suite__series_-class-passed">
            <div class="main-panel-header rounded-window-top">
              <img src="passed.png"/>
              <span class="class-name">QA.QA_Automation.tests.testContactUSandTestCasesPage</span>
            </div> <!-- main-panel-header rounded-window-top -->
            <div class="main-panel-content rounded-window-bottom">
              <div class="method">
                <div class="method-content">
                  <a name="contactUS">
                  </a> <!-- contactUS -->
                  <span class="method-name">contactUS</span>
                </div> <!-- method-content -->
              </div> <!-- method -->
            </div> <!-- main-panel-content rounded-window-bottom -->
          </div> <!-- suite-_Sequintial_test_Suite__series_-class-passed -->
          <div class="suite-_Sequintial_test_Suite__series_-class-passed">
            <div class="main-panel-header rounded-window-top">
              <img src="passed.png"/>
              <span class="class-name">QA.QA_Automation.tests.testDetailedViewPage</span>
            </div> <!-- main-panel-header rounded-window-top -->
            <div class="main-panel-content rounded-window-bottom">
              <div class="method">
                <div class="method-content">
                  <a name="detailedPage">
                  </a> <!-- detailedPage -->
                  <span class="method-name">detailedPage</span>
                </div> <!-- method-content -->
              </div> <!-- method -->
            </div> <!-- main-panel-content rounded-window-bottom -->
          </div> <!-- suite-_Sequintial_test_Suite__series_-class-passed -->
          <div class="suite-_Sequintial_test_Suite__series_-class-passed">
            <div class="main-panel-header rounded-window-top">
              <img src="passed.png"/>
              <span class="class-name">QA.QA_Automation.tests.testSubscriptionPage</span>
            </div> <!-- main-panel-header rounded-window-top -->
            <div class="main-panel-content rounded-window-bottom">
              <div class="method">
                <div class="method-content">
                  <a name="subscription">
                  </a> <!-- subscription -->
                  <span class="method-name">subscription</span>
                </div> <!-- method-content -->
              </div> <!-- method -->
            </div> <!-- main-panel-content rounded-window-bottom -->
          </div> <!-- suite-_Sequintial_test_Suite__series_-class-passed -->
          <div class="suite-_Sequintial_test_Suite__series_-class-passed">
            <div class="main-panel-header rounded-window-top">
              <img src="passed.png"/>
              <span class="class-name">QA.QA_Automation.tests.testDeleteAccount</span>
            </div> <!-- main-panel-header rounded-window-top -->
            <div class="main-panel-content rounded-window-bottom">
              <div class="method">
                <div class="method-content">
                  <a name="deleteAcc">
                  </a> <!-- deleteAcc -->
                  <span class="method-name">deleteAcc</span>
                </div> <!-- method-content -->
              </div> <!-- method -->
            </div> <!-- main-panel-content rounded-window-bottom -->
          </div> <!-- suite-_Sequintial_test_Suite__series_-class-passed -->
          <div class="suite-_Sequintial_test_Suite__series_-class-passed">
            <div class="main-panel-header rounded-window-top">
              <img src="passed.png"/>
              <span class="class-name">QA.QA_Automation.tests.testRemoveItemFromCart</span>
            </div> <!-- main-panel-header rounded-window-top -->
            <div class="main-panel-content rounded-window-bottom">
              <div class="method">
                <div class="method-content">
                  <a name="removeItem">
                  </a> <!-- removeItem -->
                  <span class="method-name">removeItem</span>
                </div> <!-- method-content -->
              </div> <!-- method -->
            </div> <!-- main-panel-content rounded-window-bottom -->
          </div> <!-- suite-_Sequintial_test_Suite__series_-class-passed -->
          <div class="suite-_Sequintial_test_Suite__series_-class-passed">
            <div class="main-panel-header rounded-window-top">
              <img src="passed.png"/>
              <span class="class-name">QA.QA_Automation.tests.testEmptyCart</span>
            </div> <!-- main-panel-header rounded-window-top -->
            <div class="main-panel-content rounded-window-bottom">
              <div class="method">
                <div class="method-content">
                  <a name="emptyCart">
                  </a> <!-- emptyCart -->
                  <span class="method-name">emptyCart</span>
                </div> <!-- method-content -->
              </div> <!-- method -->
            </div> <!-- main-panel-content rounded-window-bottom -->
          </div> <!-- suite-_Sequintial_test_Suite__series_-class-passed -->
          <div class="suite-_Sequintial_test_Suite__series_-class-passed">
            <div class="main-panel-header rounded-window-top">
              <img src="passed.png"/>
              <span class="class-name">QA.QA_Automation.tests.testRegistration</span>
            </div> <!-- main-panel-header rounded-window-top -->
            <div class="main-panel-content rounded-window-bottom">
              <div class="method">
                <div class="method-content">
                  <a name="registration">
                  </a> <!-- registration -->
                  <span class="method-name">registration</span>
                </div> <!-- method-content -->
              </div> <!-- method -->
            </div> <!-- main-panel-content rounded-window-bottom -->
          </div> <!-- suite-_Sequintial_test_Suite__series_-class-passed -->
          <div class="suite-_Sequintial_test_Suite__series_-class-passed">
            <div class="main-panel-header rounded-window-top">
              <img src="passed.png"/>
              <span class="class-name">QA.QA_Automation.tests.testInvalidLogin</span>
            </div> <!-- main-panel-header rounded-window-top -->
            <div class="main-panel-content rounded-window-bottom">
              <div class="method">
                <div class="method-content">
                  <a name="invalidLogin">
                  </a> <!-- invalidLogin -->
                  <span class="method-name">invalidLogin</span>
                </div> <!-- method-content -->
              </div> <!-- method -->
            </div> <!-- main-panel-content rounded-window-bottom -->
          </div> <!-- suite-_Sequintial_test_Suite__series_-class-passed -->
        </div> <!-- panel _Sequintial_test_Suite__series_ -->
        <div panel-name="test-xml-_Sequintial_test_Suite__series_" class="panel">
          <div class="main-panel-header rounded-window-top">
            <span class="header-content">C:\Users\Lungelo Buthelezi\Desktop\Selenium_Udemy_\QA Automation\QA_Automation\testng.xml</span>
          </div> <!-- main-panel-header rounded-window-top -->
          <div class="main-panel-content rounded-window-bottom">
            <pre>
&lt;?xml version=&quot;1.0&quot; encoding=&quot;UTF-8&quot;?&gt;
&lt;!DOCTYPE suite SYSTEM &quot;https://testng.org/testng-1.0.dtd&quot;&gt;
&lt;suite name=&quot; Sequintial test Suite (series)&quot; guice-stage=&quot;DEVELOPMENT&quot;&gt;
  &lt;test thread-count=&quot;5&quot; name=&quot;invalid login&quot;&gt;
    &lt;classes&gt;
      &lt;class name=&quot;QA.QA_Automation.tests.testInvalidLogin&quot;/&gt;
    &lt;/classes&gt;
  &lt;/test&gt; &lt;!-- invalid login --&gt;
  &lt;test thread-count=&quot;5&quot; name=&quot;Registration&quot;&gt;
    &lt;classes&gt;
      &lt;class name=&quot;QA.QA_Automation.tests.testRegistration&quot;/&gt;
    &lt;/classes&gt;
  &lt;/test&gt; &lt;!-- Registration --&gt;
  &lt;test thread-count=&quot;5&quot; name=&quot;Empty cart&quot;&gt;
    &lt;classes&gt;
      &lt;class name=&quot;QA.QA_Automation.tests.testEmptyCart&quot;/&gt;
    &lt;/classes&gt;
  &lt;/test&gt; &lt;!-- Empty cart --&gt;
  &lt;test thread-count=&quot;5&quot; name=&quot;Login_ buy product from detailed view_page&quot;&gt;
    &lt;classes&gt;
      &lt;class name=&quot;QA.QA_Automation.tests.testDetailedViewPage&quot;/&gt;
    &lt;/classes&gt;
  &lt;/test&gt; &lt;!-- Login_ buy product from detailed view_page --&gt;
  &lt;test thread-count=&quot;5&quot; name=&quot;Filter by Category, by brand and search product&quot;&gt;
    &lt;classes&gt;
      &lt;class name=&quot;QA.QA_Automation.tests.testFiltersAndSearchProduct&quot;/&gt;
    &lt;/classes&gt;
  &lt;/test&gt; &lt;!-- Filter by Category, by brand and search product --&gt;
  &lt;test thread-count=&quot;5&quot; name=&quot;Remove item from cart&quot;&gt;
    &lt;classes&gt;
      &lt;class name=&quot;QA.QA_Automation.tests.testRemoveItemFromCart&quot;/&gt;
    &lt;/classes&gt;
  &lt;/test&gt; &lt;!-- Remove item from cart --&gt;
  &lt;test thread-count=&quot;5&quot; name=&quot;Contact us and view test cases&quot;&gt;
    &lt;classes&gt;
      &lt;class name=&quot;QA.QA_Automation.tests.testContactUSandTestCasesPage&quot;/&gt;
    &lt;/classes&gt;
  &lt;/test&gt; &lt;!-- Contact us and view test cases --&gt;
  &lt;test thread-count=&quot;5&quot; name=&quot;Subscription&quot;&gt;
    &lt;classes&gt;
      &lt;class name=&quot;QA.QA_Automation.tests.testSubscriptionPage&quot;/&gt;
    &lt;/classes&gt;
  &lt;/test&gt; &lt;!-- Subscription --&gt;
  &lt;test thread-count=&quot;5&quot; name=&quot;End to End Full test&quot;&gt;
    &lt;classes&gt;
      &lt;class name=&quot;QA.QA_Automation.tests.testEndtoEnd&quot;/&gt;
    &lt;/classes&gt;
  &lt;/test&gt; &lt;!-- End to End Full test --&gt;
  &lt;test thread-count=&quot;5&quot; name=&quot;Delete account&quot;&gt;
    &lt;classes&gt;
      &lt;class name=&quot;QA.QA_Automation.tests.testDeleteAccount&quot;/&gt;
    &lt;/classes&gt;
  &lt;/test&gt; &lt;!-- Delete account --&gt;
&lt;/suite&gt; &lt;!--  Sequintial test Suite (series) --&gt;
            </pre>
          </div> <!-- main-panel-content rounded-window-bottom -->
        </div> <!-- panel -->
        <div panel-name="testlist-_Sequintial_test_Suite__series_" class="panel">
          <div class="main-panel-header rounded-window-top">
            <span class="header-content">Tests for  Sequintial test Suite (series)</span>
          </div> <!-- main-panel-header rounded-window-top -->
          <div class="main-panel-content rounded-window-bottom">
            <ul>
              <li>
                <span class="test-name">invalid login (1 class)</span>
              </li>
              <li>
                <span class="test-name">Registration (1 class)</span>
              </li>
              <li>
                <span class="test-name">Empty cart (1 class)</span>
              </li>
              <li>
                <span class="test-name">Login_ buy product from detailed view_page (1 class)</span>
              </li>
              <li>
                <span class="test-name">Filter by Category, by brand and search product (1 class)</span>
              </li>
              <li>
                <span class="test-name">Remove item from cart (1 class)</span>
              </li>
              <li>
                <span class="test-name">Contact us and view test cases (1 class)</span>
              </li>
              <li>
                <span class="test-name">Subscription (1 class)</span>
              </li>
              <li>
                <span class="test-name">End to End Full test (1 class)</span>
              </li>
              <li>
                <span class="test-name">Delete account (1 class)</span>
              </li>
            </ul>
          </div> <!-- main-panel-content rounded-window-bottom -->
        </div> <!-- panel -->
        <div panel-name="group-_Sequintial_test_Suite__series_" class="panel">
          <div class="main-panel-header rounded-window-top">
            <span class="header-content">Groups for  Sequintial test Suite (series)</span>
          </div> <!-- main-panel-header rounded-window-top -->
          <div class="main-panel-content rounded-window-bottom">
          </div> <!-- main-panel-content rounded-window-bottom -->
        </div> <!-- panel -->
        <div panel-name="times-_Sequintial_test_Suite__series_" class="panel">
          <div class="main-panel-header rounded-window-top">
            <span class="header-content">Times for  Sequintial test Suite (series)</span>
          </div> <!-- main-panel-header rounded-window-top -->
          <div class="main-panel-content rounded-window-bottom">
            <div class="times-div">
              <script type="text/javascript">
suiteTableInitFunctions.push('tableData__Sequintial_test_Suite__series_');
function tableData__Sequintial_test_Suite__series_() {
var data = new google.visualization.DataTable();
data.addColumn('number', 'Number');
data.addColumn('string', 'Method');
data.addColumn('string', 'Class');
data.addColumn('number', 'Time (ms)');
data.addRows(10);
data.setCell(0, 0, 0)
data.setCell(0, 1, 'EndtoEnd')
data.setCell(0, 2, 'QA.QA_Automation.tests.testEndtoEnd')
data.setCell(0, 3, 89257);
data.setCell(1, 0, 1)
data.setCell(1, 1, 'detailedPage')
data.setCell(1, 2, 'QA.QA_Automation.tests.testDetailedViewPage')
data.setCell(1, 3, 59197);
data.setCell(2, 0, 2)
data.setCell(2, 1, 'removeItem')
data.setCell(2, 2, 'QA.QA_Automation.tests.testRemoveItemFromCart')
data.setCell(2, 3, 58726);
data.setCell(3, 0, 3)
data.setCell(3, 1, 'testSearchFilters')
data.setCell(3, 2, 'QA.QA_Automation.tests.testFiltersAndSearchProduct')
data.setCell(3, 3, 54921);
data.setCell(4, 0, 4)
data.setCell(4, 1, 'contactUS')
data.setCell(4, 2, 'QA.QA_Automation.tests.testContactUSandTestCasesPage')
data.setCell(4, 3, 39263);
data.setCell(5, 0, 5)
data.setCell(5, 1, 'registration')
data.setCell(5, 2, 'QA.QA_Automation.tests.testRegistration')
data.setCell(5, 3, 39179);
data.setCell(6, 0, 6)
data.setCell(6, 1, 'deleteAcc')
data.setCell(6, 2, 'QA.QA_Automation.tests.testDeleteAccount')
data.setCell(6, 3, 36848);
data.setCell(7, 0, 7)
data.setCell(7, 1, 'subscription')
data.setCell(7, 2, 'QA.QA_Automation.tests.testSubscriptionPage')
data.setCell(7, 3, 36015);
data.setCell(8, 0, 8)
data.setCell(8, 1, 'invalidLogin')
data.setCell(8, 2, 'QA.QA_Automation.tests.testInvalidLogin')
data.setCell(8, 3, 24283);
data.setCell(9, 0, 9)
data.setCell(9, 1, 'emptyCart')
data.setCell(9, 2, 'QA.QA_Automation.tests.testEmptyCart')
data.setCell(9, 3, 22285);
window.suiteTableData['_Sequintial_test_Suite__series_']= { tableData: data, tableDiv: 'times-div-_Sequintial_test_Suite__series_'}
return data;
}
              </script>
              <span class="suite-total-time">Total running time: 7 minutes</span>
              <div id="times-div-_Sequintial_test_Suite__series_">
              </div> <!-- times-div-_Sequintial_test_Suite__series_ -->
            </div> <!-- times-div -->
          </div> <!-- main-panel-content rounded-window-bottom -->
        </div> <!-- panel -->
        <div panel-name="reporter-_Sequintial_test_Suite__series_" class="panel">
          <div class="main-panel-header rounded-window-top">
            <span class="header-content">Reporter output for  Sequintial test Suite (series)</span>
          </div> <!-- main-panel-header rounded-window-top -->
          <div class="main-panel-content rounded-window-bottom">
          </div> <!-- main-panel-content rounded-window-bottom -->
        </div> <!-- panel -->
        <div panel-name="ignored-methods-_Sequintial_test_Suite__series_" class="panel">
          <div class="main-panel-header rounded-window-top">
            <span class="header-content">0 ignored methods</span>
          </div> <!-- main-panel-header rounded-window-top -->
          <div class="main-panel-content rounded-window-bottom">
          </div> <!-- main-panel-content rounded-window-bottom -->
        </div> <!-- panel -->
        <div panel-name="chronological-_Sequintial_test_Suite__series_" class="panel">
          <div class="main-panel-header rounded-window-top">
            <span class="header-content">Methods in chronological order</span>
          </div> <!-- main-panel-header rounded-window-top -->
          <div class="main-panel-content rounded-window-bottom">
            <div class="chronological-class">
              <div class="chronological-class-name">QA.QA_Automation.tests.testInvalidLogin</div> <!-- chronological-class-name -->
              <div class="test-method">
                <span class="method-name">invalidLogin</span>
                <span class="method-start">0 ms</span>
              </div> <!-- test-method -->
              <div class="configuration-method after">
                <img src="failed.png">
                </img>
                <span class="method-name">tearDown</span>
                <span class="method-start">24311 ms</span>
              </div> <!-- configuration-method after -->
            </div> <!-- chronological-class -->
            <div class="chronological-class">
              <div class="chronological-class-name">QA.QA_Automation.tests.testRegistration</div> <!-- chronological-class-name -->
              <div class="test-method">
                <span class="method-name">registration</span>
                <span class="method-start">24688 ms</span>
              </div> <!-- test-method -->
            </div> <!-- chronological-class -->
            <div class="chronological-class">
              <div class="chronological-class-name">QA.QA_Automation.tests.testEmptyCart</div> <!-- chronological-class-name -->
              <div class="test-method">
                <span class="method-name">emptyCart</span>
                <span class="method-start">63947 ms</span>
              </div> <!-- test-method -->
              <div class="configuration-method after">
                <img src="failed.png">
                </img>
                <span class="method-name">tearDown</span>
                <span class="method-start">86239 ms</span>
              </div> <!-- configuration-method after -->
            </div> <!-- chronological-class -->
            <div class="chronological-class">
              <div class="chronological-class-name">QA.QA_Automation.tests.testDetailedViewPage</div> <!-- chronological-class-name -->
              <div class="test-method">
                <span class="method-name">detailedPage</span>
                <span class="method-start">86345 ms</span>
              </div> <!-- test-method -->
              <div class="configuration-method after">
                <img src="failed.png">
                </img>
                <span class="method-name">tearDown</span>
                <span class="method-start">145555 ms</span>
              </div> <!-- configuration-method after -->
            </div> <!-- chronological-class -->
            <div class="chronological-class">
              <div class="chronological-class-name">QA.QA_Automation.tests.testFiltersAndSearchProduct</div> <!-- chronological-class-name -->
              <div class="test-method">
                <img src="failed.png">
                </img>
                <span class="method-name">testSearchFilters</span>
                <span class="method-start">145635 ms</span>
              </div> <!-- test-method -->
              <div class="configuration-method after">
                <img src="failed.png">
                </img>
                <span class="method-name">tearDown</span>
                <span class="method-start">200606 ms</span>
              </div> <!-- configuration-method after -->
            </div> <!-- chronological-class -->
            <div class="chronological-class">
              <div class="chronological-class-name">QA.QA_Automation.tests.testRemoveItemFromCart</div> <!-- chronological-class-name -->
              <div class="test-method">
                <span class="method-name">removeItem</span>
                <span class="method-start">200898 ms</span>
              </div> <!-- test-method -->
            </div> <!-- chronological-class -->
            <div class="chronological-class">
              <div class="chronological-class-name">QA.QA_Automation.tests.testContactUSandTestCasesPage</div> <!-- chronological-class-name -->
              <div class="test-method">
                <span class="method-name">contactUS</span>
                <span class="method-start">259688 ms</span>
              </div> <!-- test-method -->
              <div class="configuration-method after">
                <img src="failed.png">
                </img>
                <span class="method-name">tearDown</span>
                <span class="method-start">298953 ms</span>
              </div> <!-- configuration-method after -->
            </div> <!-- chronological-class -->
            <div class="chronological-class">
              <div class="chronological-class-name">QA.QA_Automation.tests.testSubscriptionPage</div> <!-- chronological-class-name -->
              <div class="test-method">
                <span class="method-name">subscription</span>
                <span class="method-start">299033 ms</span>
              </div> <!-- test-method -->
              <div class="configuration-method after">
                <img src="failed.png">
                </img>
                <span class="method-name">tearDown</span>
                <span class="method-start">335050 ms</span>
              </div> <!-- configuration-method after -->
            </div> <!-- chronological-class -->
            <div class="chronological-class">
              <div class="chronological-class-name">QA.QA_Automation.tests.testEndtoEnd</div> <!-- chronological-class-name -->
              <div class="test-method">
                <img src="failed.png">
                </img>
                <span class="method-name">EndtoEnd</span>
                <span class="method-start">335089 ms</span>
              </div> <!-- test-method -->
              <div class="configuration-method after">
                <img src="failed.png">
                </img>
                <span class="method-name">tearDown</span>
                <span class="method-start">424363 ms</span>
              </div> <!-- configuration-method after -->
            </div> <!-- chronological-class -->
            <div class="chronological-class">
              <div class="chronological-class-name">QA.QA_Automation.tests.testDeleteAccount</div> <!-- chronological-class-name -->
              <div class="test-method">
                <span class="method-name">deleteAcc</span>
                <span class="method-start">424679 ms</span>
              </div> <!-- test-method -->
          </div> <!-- main-panel-content rounded-window-bottom -->
        </div> <!-- panel -->
      </div> <!-- main-panel-root -->
    </div> <!-- wrapper -->
  </body>
<script type="text/javascript" src="testng-reports2.js"></script>
</html>
